{"total": {"lines":{"total":450,"covered":300,"skipped":0,"pct":66.66},"statements":{"total":469,"covered":314,"skipped":0,"pct":66.95},"functions":{"total":138,"covered":98,"skipped":0,"pct":71.01},"branches":{"total":320,"covered":202,"skipped":0,"pct":63.12},"branchesTrue":{"total":0,"covered":0,"skipped":0,"pct":100}}
,"D:\\AI\\WX_APP_RB\\cloudfunctions\\common\\auth.js": {"lines":{"total":21,"covered":21,"skipped":0,"pct":100},"functions":{"total":6,"covered":6,"skipped":0,"pct":100},"statements":{"total":21,"covered":21,"skipped":0,"pct":100},"branches":{"total":10,"covered":10,"skipped":0,"pct":100}}
,"D:\\AI\\WX_APP_RB\\cloudfunctions\\common\\mysql.js": {"lines":{"total":88,"covered":64,"skipped":0,"pct":72.72},"functions":{"total":24,"covered":20,"skipped":0,"pct":83.33},"statements":{"total":89,"covered":64,"skipped":0,"pct":71.91},"branches":{"total":31,"covered":22,"skipped":0,"pct":70.96}}
,"D:\\AI\\WX_APP_RB\\utils\\auth.js": {"lines":{"total":26,"covered":26,"skipped":0,"pct":100},"functions":{"total":11,"covered":11,"skipped":0,"pct":100},"statements":{"total":26,"covered":26,"skipped":0,"pct":100},"branches":{"total":27,"covered":27,"skipped":0,"pct":100}}
,"D:\\AI\\WX_APP_RB\\utils\\cache.js": {"lines":{"total":61,"covered":48,"skipped":0,"pct":78.68},"functions":{"total":18,"covered":17,"skipped":0,"pct":94.44},"statements":{"total":62,"covered":49,"skipped":0,"pct":79.03},"branches":{"total":17,"covered":14,"skipped":0,"pct":82.35}}
,"D:\\AI\\WX_APP_RB\\utils\\component-factory.js": {"lines":{"total":45,"covered":0,"skipped":0,"pct":0},"functions":{"total":16,"covered":0,"skipped":0,"pct":0},"statements":{"total":47,"covered":0,"skipped":0,"pct":0},"branches":{"total":24,"covered":0,"skipped":0,"pct":0}}
,"D:\\AI\\WX_APP_RB\\utils\\date.js": {"lines":{"total":13,"covered":13,"skipped":0,"pct":100},"functions":{"total":6,"covered":6,"skipped":0,"pct":100},"statements":{"total":18,"covered":18,"skipped":0,"pct":100},"branches":{"total":6,"covered":6,"skipped":0,"pct":100}}
,"D:\\AI\\WX_APP_RB\\utils\\debounce.js": {"lines":{"total":15,"covered":15,"skipped":0,"pct":100},"functions":{"total":5,"covered":5,"skipped":0,"pct":100},"statements":{"total":17,"covered":17,"skipped":0,"pct":100},"branches":{"total":6,"covered":6,"skipped":0,"pct":100}}
,"D:\\AI\\WX_APP_RB\\utils\\form.js": {"lines":{"total":39,"covered":39,"skipped":0,"pct":100},"functions":{"total":4,"covered":4,"skipped":0,"pct":100},"statements":{"total":40,"covered":40,"skipped":0,"pct":100},"branches":{"total":97,"covered":93,"skipped":0,"pct":95.87}}
,"D:\\AI\\WX_APP_RB\\utils\\request.js": {"lines":{"total":142,"covered":74,"skipped":0,"pct":52.11},"functions":{"total":48,"covered":29,"skipped":0,"pct":60.41},"statements":{"total":149,"covered":79,"skipped":0,"pct":53.02},"branches":{"total":102,"covered":24,"skipped":0,"pct":23.52}}
}
