TN:
SF:cloudfunctions\common\auth.js
FN:10,(anonymous_0)
FN:24,(anonymous_1)
FN:38,(anonymous_2)
FN:52,(anonymous_3)
FN:67,(anonymous_4)
FN:82,(anonymous_5)
FNF:6
FNH:6
FNDA:7,(anonymous_0)
FNDA:2,(anonymous_1)
FNDA:2,(anonymous_2)
FNDA:3,(anonymous_3)
FNDA:3,(anonymous_4)
FNDA:3,(anonymous_5)
DA:10,1
DA:11,7
DA:15,7
DA:24,1
DA:25,2
DA:29,2
DA:38,1
DA:39,2
DA:43,2
DA:52,1
DA:53,3
DA:54,3
DA:55,2
DA:57,1
DA:67,1
DA:68,3
DA:72,3
DA:82,1
DA:83,3
DA:87,3
DA:90,1
LF:21
LH:21
BRDA:15,0,0,7
BRDA:15,0,1,5
BRDA:43,1,0,2
BRDA:43,1,1,1
BRDA:54,2,0,2
BRDA:54,2,1,1
BRDA:72,3,0,3
BRDA:72,3,1,2
BRDA:87,4,0,3
BRDA:87,4,1,2
BRF:10
BRH:10
end_of_record
TN:
SF:cloudfunctions\common\mysql.js
FN:11,(anonymous_0)
FN:33,createPoolConfig
FN:54,initialize
FN:66,(anonymous_3)
FN:74,(anonymous_4)
FN:78,(anonymous_5)
FN:83,(anonymous_6)
FN:87,(anonymous_7)
FN:117,(anonymous_8)
FN:128,(anonymous_9)
FN:136,(anonymous_10)
FN:144,(anonymous_11)
FN:177,(anonymous_12)
FN:195,(anonymous_13)
FN:212,getPool
FN:222,query
FN:234,queryOne
FN:245,execute
FN:258,closePool
FN:268,checkAdmin
FN:278,getToday
FN:287,getPoolStatus
FN:295,healthCheck
FN:303,resetPool
FNF:24
FNH:20
FNDA:16,(anonymous_0)
FNDA:10,createPoolConfig
FNDA:10,initialize
FNDA:10,(anonymous_3)
FNDA:0,(anonymous_4)
FNDA:0,(anonymous_5)
FNDA:0,(anonymous_6)
FNDA:0,(anonymous_7)
FNDA:3,(anonymous_8)
FNDA:6,(anonymous_9)
FNDA:1,(anonymous_10)
FNDA:1,(anonymous_11)
FNDA:2,(anonymous_12)
FNDA:1,(anonymous_13)
FNDA:3,getPool
FNDA:4,query
FNDA:2,queryOne
FNDA:2,execute
FNDA:1,closePool
FNDA:3,checkAdmin
FNDA:2,getToday
FNDA:1,getPoolStatus
FNDA:1,healthCheck
FNDA:1,resetPool
DA:5,16
DA:11,16
DA:13,16
DA:14,16
DA:15,16
DA:18,16
DA:34,10
DA:56,10
DA:57,0
DA:61,10
DA:62,0
DA:65,10
DA:66,10
DA:67,10
DA:68,10
DA:69,10
DA:70,10
DA:71,10
DA:74,10
DA:75,0
DA:78,10
DA:79,0
DA:80,0
DA:83,10
DA:84,0
DA:87,10
DA:88,0
DA:91,10
DA:93,0
DA:94,0
DA:95,0
DA:96,0
DA:97,0
DA:101,10
DA:102,10
DA:103,10
DA:104,10
DA:106,0
DA:107,0
DA:108,0
DA:112,16
DA:118,3
DA:120,3
DA:121,3
DA:129,6
DA:137,1
DA:145,1
DA:146,1
DA:147,1
DA:150,0
DA:151,0
DA:152,0
DA:153,0
DA:154,0
DA:156,0
DA:163,0
DA:164,0
DA:165,0
DA:178,2
DA:179,2
DA:180,2
DA:181,2
DA:182,2
DA:184,2
DA:185,2
DA:186,2
DA:187,2
DA:196,1
DA:197,1
DA:213,3
DA:223,4
DA:224,4
DA:225,4
DA:235,2
DA:236,2
DA:246,2
DA:247,2
DA:248,2
DA:259,1
DA:269,3
DA:270,3
DA:271,3
DA:279,2
DA:280,2
DA:288,1
DA:296,1
DA:304,1
DA:307,16
LF:88
LH:64
BRDA:35,0,0,10
BRDA:35,0,1,10
BRDA:36,1,0,10
BRDA:36,1,1,10
BRDA:37,2,0,10
BRDA:37,2,1,10
BRDA:38,3,0,10
BRDA:38,3,1,10
BRDA:39,4,0,10
BRDA:39,4,1,10
BRDA:56,5,0,0
BRDA:56,5,1,10
BRDA:61,6,0,0
BRDA:61,6,1,10
BRDA:61,7,0,10
BRDA:61,7,1,0
BRDA:118,8,0,0
BRDA:118,8,1,3
BRDA:146,9,0,1
BRDA:146,9,1,0
BRDA:178,10,0,2
BRDA:178,10,1,0
BRDA:222,11,0,1
BRDA:234,12,0,0
BRDA:236,13,0,2
BRDA:236,13,1,1
BRDA:245,14,0,0
BRDA:269,15,0,3
BRDA:269,15,1,0
BRDA:271,16,0,3
BRDA:271,16,1,2
BRF:31
BRH:22
end_of_record
TN:
SF:utils\auth.js
FN:10,getUserInfo
FN:18,isEmployee
FN:26,isAdmin
FN:34,getOpenid
FN:42,getUserName
FN:50,getToken
FN:60,checkRole
FN:88,getHomePage
FN:115,getRoleTabs
FN:134,getStatusText
FN:143,getStatusClass
FNF:11
FNH:11
FNDA:23,getUserInfo
FNDA:3,isEmployee
FNDA:5,isAdmin
FNDA:2,getOpenid
FNDA:4,getUserName
FNDA:2,getToken
FNDA:5,checkRole
FNDA:1,getHomePage
FNDA:2,getRoleTabs
FNDA:6,getStatusText
FNDA:5,getStatusClass
DA:11,23
DA:19,3
DA:27,5
DA:35,2
DA:43,4
DA:51,2
DA:61,5
DA:62,5
DA:64,1
DA:65,1
DA:68,4
DA:70,4
DA:72,1
DA:73,1
DA:76,3
DA:78,1
DA:79,1
DA:82,2
DA:89,1
DA:96,1
DA:105,1
DA:116,2
DA:123,1
DA:135,6
DA:144,5
DA:147,1
LF:26
LH:26
BRDA:11,0,0,23
BRDA:11,0,1,1
BRDA:35,1,0,2
BRDA:35,1,1,1
BRDA:43,2,0,4
BRDA:43,2,1,2
BRDA:43,2,2,1
BRDA:51,3,0,2
BRDA:51,3,1,1
BRDA:62,4,0,1
BRDA:62,4,1,4
BRDA:62,5,0,5
BRDA:62,5,1,5
BRDA:70,6,0,1
BRDA:70,6,1,3
BRDA:70,7,0,4
BRDA:70,7,1,2
BRDA:76,8,0,1
BRDA:76,8,1,2
BRDA:76,9,0,3
BRDA:76,9,1,2
BRDA:116,10,0,1
BRDA:116,10,1,1
BRDA:135,11,0,6
BRDA:135,11,1,3
BRDA:144,12,0,5
BRDA:144,12,1,2
BRF:27
BRH:27
end_of_record
TN:
SF:utils\cache.js
FN:36,set
FN:54,get
FN:82,remove
FN:93,clearAll
FN:95,(anonymous_4)
FN:107,clearExpired
FN:109,(anonymous_6)
FN:126,setUserInfo
FN:134,getUserInfo
FN:142,setReviewStats
FN:150,getReviewStats
FN:159,setReviewList
FN:169,getReviewList
FN:179,setProjectHistory
FN:189,getProjectHistory
FN:198,invalidate
FN:208,(anonymous_16)
FN:217,(anonymous_17)
FNF:18
FNH:17
FNDA:6,set
FNDA:8,get
FNDA:8,remove
FNDA:2,clearAll
FNDA:10,(anonymous_4)
FNDA:1,clearExpired
FNDA:5,(anonymous_6)
FNDA:1,setUserInfo
FNDA:1,getUserInfo
FNDA:1,setReviewStats
FNDA:1,getReviewStats
FNDA:1,setReviewList
FNDA:1,getReviewList
FNDA:1,setProjectHistory
FNDA:1,getProjectHistory
FNDA:4,invalidate
FNDA:3,(anonymous_16)
FNDA:0,(anonymous_17)
DA:7,1
DA:28,1
DA:37,6
DA:38,6
DA:43,6
DA:45,0
DA:55,8
DA:56,8
DA:57,8
DA:60,7
DA:61,1
DA:62,1
DA:66,6
DA:67,1
DA:68,1
DA:71,5
DA:73,0
DA:74,0
DA:83,8
DA:84,8
DA:86,0
DA:94,2
DA:95,2
DA:96,10
DA:98,2
DA:100,0
DA:108,1
DA:109,1
DA:110,5
DA:111,5
DA:112,1
DA:116,0
DA:127,1
DA:135,1
DA:143,1
DA:151,1
DA:160,1
DA:161,1
DA:170,1
DA:171,1
DA:180,1
DA:181,1
DA:190,1
DA:191,1
DA:199,4
DA:201,1
DA:202,1
DA:204,1
DA:205,1
DA:208,1
DA:209,3
DA:211,1
DA:215,0
DA:216,0
DA:217,0
DA:218,0
DA:219,0
DA:223,0
DA:225,0
DA:227,1
DA:231,1
LF:61
LH:48
BRDA:57,0,0,1
BRDA:57,0,1,7
BRDA:60,1,0,1
BRDA:60,1,1,6
BRDA:66,2,0,1
BRDA:66,2,1,5
BRDA:111,3,0,1
BRDA:111,3,1,4
BRDA:111,4,0,5
BRDA:111,4,1,2
BRDA:199,5,0,1
BRDA:199,5,1,1
BRDA:199,5,2,1
BRDA:199,5,3,0
BRDA:199,5,4,1
BRDA:218,6,0,0
BRDA:218,6,1,0
BRF:17
BRH:14
end_of_record
TN:
SF:utils\component-factory.js
FN:8,(anonymous_0)
FN:21,(anonymous_1)
FN:45,(anonymous_2)
FN:59,(anonymous_3)
FN:60,(anonymous_4)
FN:70,(anonymous_5)
FN:85,(anonymous_6)
FN:99,(anonymous_7)
FN:106,(anonymous_8)
FN:198,(anonymous_9)
FN:237,(anonymous_10)
FN:267,(anonymous_11)
FN:277,(anonymous_12)
FN:290,(anonymous_13)
FN:296,(anonymous_14)
FN:297,(anonymous_15)
FNF:16
FNH:0
FNDA:0,(anonymous_0)
FNDA:0,(anonymous_1)
FNDA:0,(anonymous_2)
FNDA:0,(anonymous_3)
FNDA:0,(anonymous_4)
FNDA:0,(anonymous_5)
FNDA:0,(anonymous_6)
FNDA:0,(anonymous_7)
FNDA:0,(anonymous_8)
FNDA:0,(anonymous_9)
FNDA:0,(anonymous_10)
FNDA:0,(anonymous_11)
FNDA:0,(anonymous_12)
FNDA:0,(anonymous_13)
FNDA:0,(anonymous_14)
FNDA:0,(anonymous_15)
DA:9,0
DA:10,0
DA:11,0
DA:12,0
DA:13,0
DA:14,0
DA:22,0
DA:38,0
DA:46,0
DA:60,0
DA:61,0
DA:72,0
DA:73,0
DA:77,0
DA:86,0
DA:100,0
DA:107,0
DA:112,0
DA:199,0
DA:202,0
DA:208,0
DA:211,0
DA:212,0
DA:224,0
DA:225,0
DA:239,0
DA:240,0
DA:241,0
DA:242,0
DA:243,0
DA:245,0
DA:246,0
DA:247,0
DA:249,0
DA:251,0
DA:260,0
DA:268,0
DA:278,0
DA:279,0
DA:280,0
DA:282,0
DA:291,0
DA:296,0
DA:297,0
DA:299,0
LF:45
LH:0
BRDA:47,0,0,0
BRDA:47,0,1,0
BRDA:48,1,0,0
BRDA:48,1,1,0
BRDA:49,2,0,0
BRDA:49,2,1,0
BRDA:50,3,0,0
BRDA:50,3,1,0
BRDA:51,4,0,0
BRDA:51,4,1,0
BRDA:72,5,0,0
BRDA:72,5,1,0
BRDA:199,6,0,0
BRDA:208,7,0,0
BRDA:208,7,1,0
BRDA:211,8,0,0
BRDA:211,8,1,0
BRDA:214,9,0,0
BRDA:214,9,1,0
BRDA:239,10,0,0
BRDA:239,10,1,0
BRDA:277,11,0,0
BRDA:279,12,0,0
BRDA:279,12,1,0
BRF:24
BRH:0
end_of_record
TN:
SF:utils\date.js
FN:8,formatTime
FN:11,(anonymous_1)
FN:21,formatDate
FN:24,(anonymous_3)
FN:32,getToday
FN:42,extractDate
FNF:6
FNH:6
FNDA:7,formatTime
FNDA:16,(anonymous_1)
FNDA:8,formatDate
FNDA:10,(anonymous_3)
FNDA:2,getToday
FNDA:7,extractDate
DA:9,7
DA:10,4
DA:11,16
DA:12,4
DA:22,8
DA:23,5
DA:24,10
DA:25,5
DA:33,2
DA:34,2
DA:43,7
DA:44,4
DA:47,1
LF:13
LH:13
BRDA:9,0,0,3
BRDA:9,0,1,4
BRDA:22,1,0,3
BRDA:22,1,1,5
BRDA:43,2,0,3
BRDA:43,2,1,4
BRF:6
BRH:6
end_of_record
TN:
SF:utils\debounce.js
FN:9,debounce
FN:11,(anonymous_1)
FN:13,(anonymous_2)
FN:25,formatDate
FN:38,formatDateTime
FNF:5
FNH:5
FNDA:4,debounce
FNDA:7,(anonymous_1)
FNDA:4,(anonymous_2)
FNDA:3,formatDate
FNDA:6,formatDateTime
DA:10,4
DA:11,4
DA:12,7
DA:13,7
DA:14,4
DA:15,4
DA:26,3
DA:27,3
DA:28,3
DA:29,3
DA:30,3
DA:39,6
DA:40,3
DA:41,3
DA:44,1
LF:15
LH:15
BRDA:12,0,0,3
BRDA:12,0,1,4
BRDA:26,1,0,3
BRDA:26,1,1,1
BRDA:39,2,0,3
BRDA:39,2,1,3
BRF:6
BRH:6
end_of_record
TN:
SF:utils\form.js
FN:41,populateProjectForm
FN:78,syncWorkTypePicker
FN:93,buildSubmitPayload
FN:130,validateProjectForm
FNF:4
FNH:4
FNDA:4,populateProjectForm
FNDA:3,syncWorkTypePicker
FNDA:4,buildSubmitPayload
FNDA:4,validateProjectForm
DA:6,1
DA:33,1
DA:42,4
DA:44,3
DA:47,3
DA:48,3
DA:49,3
DA:50,3
DA:51,3
DA:52,3
DA:53,3
DA:54,3
DA:55,3
DA:56,3
DA:57,3
DA:58,3
DA:59,3
DA:60,3
DA:61,3
DA:62,3
DA:63,3
DA:64,3
DA:65,3
DA:66,3
DA:67,3
DA:69,3
DA:79,3
DA:80,3
DA:81,3
DA:94,4
DA:118,4
DA:119,1
DA:122,4
DA:131,4
DA:132,1
DA:134,3
DA:135,2
DA:137,1
DA:140,1
LF:39
LH:39
BRDA:41,0,0,4
BRDA:42,1,0,1
BRDA:42,1,1,3
BRDA:47,2,0,1
BRDA:47,2,1,2
BRDA:48,3,0,3
BRDA:48,3,1,2
BRDA:49,4,0,3
BRDA:49,4,1,2
BRDA:50,5,0,3
BRDA:50,5,1,2
BRDA:51,6,0,3
BRDA:51,6,1,2
BRDA:52,7,0,3
BRDA:52,7,1,2
BRDA:53,8,0,3
BRDA:53,8,1,2
BRDA:54,9,0,2
BRDA:54,9,1,1
BRDA:55,10,0,3
BRDA:55,10,1,2
BRDA:56,11,0,1
BRDA:56,11,1,2
BRDA:57,12,0,1
BRDA:57,12,1,2
BRDA:58,13,0,2
BRDA:58,13,1,1
BRDA:59,14,0,3
BRDA:59,14,1,2
BRDA:60,15,0,3
BRDA:60,15,1,2
BRDA:61,16,0,3
BRDA:61,16,1,2
BRDA:62,17,0,3
BRDA:62,17,1,2
BRDA:63,18,0,3
BRDA:63,18,1,2
BRDA:64,19,0,1
BRDA:64,19,1,2
BRDA:65,20,0,1
BRDA:65,20,1,2
BRDA:66,21,0,1
BRDA:66,21,1,2
BRDA:67,22,0,1
BRDA:67,22,1,2
BRDA:78,23,0,2
BRDA:82,24,0,2
BRDA:82,24,1,1
BRDA:83,25,0,2
BRDA:83,25,1,1
BRDA:93,26,0,3
BRDA:97,27,0,4
BRDA:97,27,1,3
BRDA:98,28,0,4
BRDA:98,28,1,4
BRDA:99,29,0,4
BRDA:99,29,1,4
BRDA:100,30,0,4
BRDA:100,30,1,4
BRDA:101,31,0,4
BRDA:101,31,1,4
BRDA:102,32,0,1
BRDA:102,32,1,3
BRDA:103,33,0,4
BRDA:103,33,1,4
BRDA:104,34,0,0
BRDA:104,34,1,4
BRDA:105,35,0,0
BRDA:105,35,1,4
BRDA:106,36,0,1
BRDA:106,36,1,3
BRDA:107,37,0,4
BRDA:107,37,1,4
BRDA:108,38,0,4
BRDA:108,38,1,4
BRDA:109,39,0,4
BRDA:109,39,1,3
BRDA:110,40,0,4
BRDA:110,40,1,4
BRDA:111,41,0,4
BRDA:111,41,1,4
BRDA:112,42,0,4
BRDA:112,42,1,4
BRDA:113,43,0,4
BRDA:113,43,1,4
BRDA:114,44,0,0
BRDA:114,44,1,4
BRDA:115,45,0,0
BRDA:115,45,1,4
BRDA:118,46,0,1
BRDA:118,46,1,3
BRDA:131,47,0,1
BRDA:131,47,1,3
BRDA:134,48,0,2
BRDA:134,48,1,1
BRDA:134,49,0,3
BRDA:134,49,1,2
BRF:97
BRH:93
end_of_record
TN:
SF:utils\request.js
FN:12,(anonymous_0)
FN:21,(anonymous_1)
FN:33,(anonymous_2)
FN:42,(anonymous_3)
FN:49,(anonymous_4)
FN:61,(anonymous_5)
FN:66,(anonymous_6)
FN:67,(anonymous_7)
FN:77,(anonymous_8)
FN:81,(anonymous_9)
FN:85,(anonymous_10)
FN:94,(anonymous_11)
FN:99,(anonymous_12)
FN:109,(anonymous_13)
FN:116,(anonymous_14)
FN:125,(anonymous_15)
FN:140,(anonymous_16)
FN:154,(anonymous_17)
FN:157,(anonymous_18)
FN:172,(anonymous_19)
FN:176,(anonymous_20)
FN:187,(anonymous_21)
FN:196,(anonymous_22)
FN:198,(anonymous_23)
FN:201,(anonymous_24)
FN:211,(anonymous_25)
FN:220,(anonymous_26)
FN:225,(anonymous_27)
FN:236,(anonymous_28)
FN:243,(anonymous_29)
FN:248,(anonymous_30)
FN:253,(anonymous_31)
FN:258,(anonymous_32)
FN:270,(anonymous_33)
FN:276,(anonymous_34)
FN:284,(anonymous_35)
FN:285,(anonymous_36)
FN:299,(anonymous_37)
FN:333,(anonymous_38)
FN:348,(anonymous_39)
FN:373,(anonymous_40)
FN:388,(anonymous_41)
FN:430,(anonymous_42)
FN:441,(anonymous_43)
FN:452,(anonymous_44)
FN:462,(anonymous_45)
FN:474,(anonymous_46)
FN:491,(anonymous_47)
FNF:48
FNH:29
FNDA:0,(anonymous_0)
FNDA:2,(anonymous_1)
FNDA:1,(anonymous_2)
FNDA:4,(anonymous_3)
FNDA:4,(anonymous_4)
FNDA:3,(anonymous_5)
FNDA:2,(anonymous_6)
FNDA:2,(anonymous_7)
FNDA:0,(anonymous_8)
FNDA:0,(anonymous_9)
FNDA:0,(anonymous_10)
FNDA:5,(anonymous_11)
FNDA:5,(anonymous_12)
FNDA:4,(anonymous_13)
FNDA:1,(anonymous_14)
FNDA:2,(anonymous_15)
FNDA:2,(anonymous_16)
FNDA:1,(anonymous_17)
FNDA:2,(anonymous_18)
FNDA:1,(anonymous_19)
FNDA:1,(anonymous_20)
FNDA:0,(anonymous_21)
FNDA:6,(anonymous_22)
FNDA:2,(anonymous_23)
FNDA:2,(anonymous_24)
FNDA:1,(anonymous_25)
FNDA:1,(anonymous_26)
FNDA:1,(anonymous_27)
FNDA:4,(anonymous_28)
FNDA:1,(anonymous_29)
FNDA:1,(anonymous_30)
FNDA:1,(anonymous_31)
FNDA:1,(anonymous_32)
FNDA:0,(anonymous_33)
FNDA:0,(anonymous_34)
FNDA:0,(anonymous_35)
FNDA:0,(anonymous_36)
FNDA:0,(anonymous_37)
FNDA:0,(anonymous_38)
FNDA:0,(anonymous_39)
FNDA:1,(anonymous_40)
FNDA:0,(anonymous_41)
FNDA:0,(anonymous_42)
FNDA:0,(anonymous_43)
FNDA:0,(anonymous_44)
FNDA:0,(anonymous_45)
FNDA:0,(anonymous_46)
FNDA:0,(anonymous_47)
DA:4,1
DA:13,0
DA:22,2
DA:23,1
DA:25,2
DA:34,1
DA:43,4
DA:44,4
DA:45,4
DA:46,4
DA:50,4
DA:51,2
DA:52,2
DA:53,2
DA:55,2
DA:56,0
DA:58,2
DA:63,3
DA:67,2
DA:78,0
DA:82,0
DA:86,0
DA:95,5
DA:96,5
DA:100,5
DA:101,5
DA:102,2
DA:103,1
DA:104,1
DA:106,1
DA:110,4
DA:117,1
DA:126,2
DA:127,2
DA:128,2
DA:129,1
DA:130,1
DA:131,0
DA:132,0
DA:134,1
DA:136,0
DA:141,2
DA:142,2
DA:155,1
DA:156,1
DA:157,1
DA:158,2
DA:159,1
DA:173,1
DA:188,0
DA:197,6
DA:198,6
DA:202,2
DA:203,2
DA:212,1
DA:221,1
DA:222,1
DA:226,1
DA:237,4
DA:238,4
DA:239,4
DA:240,4
DA:244,1
DA:245,1
DA:249,1
DA:250,1
DA:254,1
DA:255,1
DA:259,1
DA:260,1
DA:270,1
DA:276,1
DA:284,1
DA:285,0
DA:286,0
DA:287,0
DA:289,0
DA:301,0
DA:302,0
DA:303,0
DA:304,0
DA:305,0
DA:309,0
DA:310,0
DA:311,0
DA:312,0
DA:314,0
DA:315,0
DA:316,0
DA:318,0
DA:320,0
DA:321,0
DA:322,0
DA:325,0
DA:329,0
DA:330,0
DA:334,0
DA:335,0
DA:336,0
DA:348,1
DA:349,0
DA:350,0
DA:354,0
DA:355,0
DA:356,0
DA:358,0
DA:359,0
DA:360,0
DA:361,0
DA:373,1
DA:388,1
DA:389,0
DA:392,0
DA:393,0
DA:397,0
DA:398,0
DA:399,0
DA:400,0
DA:401,0
DA:402,0
DA:407,0
DA:408,0
DA:412,0
DA:413,0
DA:417,0
DA:418,0
DA:420,0
DA:430,1
DA:431,0
DA:441,1
DA:442,0
DA:452,1
DA:453,0
DA:462,1
DA:463,0
DA:474,1
DA:475,0
DA:476,0
DA:491,1
DA:492,0
DA:493,0
DA:502,1
LF:142
LH:74
BRDA:22,0,0,1
BRDA:22,0,1,1
BRDA:23,1,0,1
BRDA:23,1,1,0
BRDA:42,2,0,0
BRDA:42,3,0,0
BRDA:50,4,0,2
BRDA:50,4,1,2
BRDA:50,5,0,4
BRDA:50,5,1,3
BRDA:55,6,0,0
BRDA:55,6,1,2
BRDA:56,7,0,0
BRDA:56,7,1,0
BRDA:63,8,0,3
BRDA:63,8,1,1
BRDA:78,9,0,0
BRDA:78,9,1,0
BRDA:101,10,0,3
BRDA:101,10,1,2
BRDA:102,11,0,1
BRDA:102,11,1,1
BRDA:109,12,0,0
BRDA:128,13,0,1
BRDA:128,13,1,1
BRDA:130,14,0,0
BRDA:130,14,1,1
BRDA:140,15,0,0
BRDA:158,16,0,1
BRDA:158,16,1,1
BRDA:198,17,0,2
BRDA:198,17,1,1
BRDA:203,18,0,1
BRDA:203,18,1,1
BRDA:226,19,0,1
BRDA:226,19,1,0
BRDA:258,20,0,0
BRDA:258,21,0,0
BRDA:270,22,0,0
BRDA:270,22,1,0
BRDA:276,23,0,0
BRDA:276,23,1,0
BRDA:291,24,0,0
BRDA:291,24,1,0
BRDA:292,25,0,0
BRDA:292,25,1,0
BRDA:293,26,0,0
BRDA:293,26,1,0
BRDA:297,27,0,0
BRDA:297,27,1,0
BRDA:301,28,0,0
BRDA:301,28,1,0
BRDA:309,29,0,0
BRDA:309,29,1,0
BRDA:309,30,0,0
BRDA:309,30,1,0
BRDA:311,31,0,0
BRDA:311,31,1,0
BRDA:311,32,0,0
BRDA:311,32,1,0
BRDA:312,33,0,0
BRDA:312,33,1,0
BRDA:314,34,0,0
BRDA:314,34,1,0
BRDA:314,35,0,0
BRDA:314,35,1,0
BRDA:320,36,0,0
BRDA:320,36,1,0
BRDA:327,37,0,0
BRDA:327,37,1,0
BRDA:327,37,2,0
BRDA:349,38,0,0
BRDA:349,38,1,0
BRDA:360,39,0,0
BRDA:360,39,1,0
BRDA:361,40,0,0
BRDA:361,40,1,0
BRDA:392,41,0,0
BRDA:392,41,1,0
BRDA:397,42,0,0
BRDA:397,42,1,0
BRDA:397,43,0,0
BRDA:397,43,1,0
BRDA:401,44,0,0
BRDA:401,44,1,0
BRDA:407,45,0,0
BRDA:407,45,1,0
BRDA:412,46,0,0
BRDA:412,46,1,0
BRDA:417,47,0,0
BRDA:417,47,1,0
BRDA:430,48,0,0
BRDA:430,49,0,0
BRDA:441,50,0,0
BRDA:441,51,0,0
BRDA:452,52,0,0
BRDA:452,53,0,0
BRDA:462,54,0,0
BRDA:491,55,0,0
BRDA:496,56,0,0
BRDA:496,56,1,0
BRDA:496,56,2,0
BRF:102
BRH:24
end_of_record
